  Application.cpp
d:\5...operation\programming\github\hjh\minesweper\findmine_01_hjh\application.cpp(12): warning C4244: '인수': 'time_t'에서 'unsigned int'(으)로 변환하면서 데이터가 손실될 수 있습니다.
  Scene.cpp
  SceneField.cpp
d:\5...operation\programming\github\hjh\minesweper\findmine_01_hjh\scenefield.cpp(12): warning C4018: '<': signed 또는 unsigned가 일치하지 않습니다.
d:\5...operation\programming\github\hjh\minesweper\findmine_01_hjh\scenefield.cpp(17): warning C4018: '<': signed 또는 unsigned가 일치하지 않습니다.
d:\5...operation\programming\github\hjh\minesweper\findmine_01_hjh\scenefield.cpp(41): warning C4018: '<': signed 또는 unsigned가 일치하지 않습니다.
d:\5...operation\programming\github\hjh\minesweper\findmine_01_hjh\scenefield.cpp(42): warning C4018: '<': signed 또는 unsigned가 일치하지 않습니다.
d:\5...operation\programming\github\hjh\minesweper\findmine_01_hjh\scenefield.cpp(87): warning C4018: '<': signed 또는 unsigned가 일치하지 않습니다.
d:\5...operation\programming\github\hjh\minesweper\findmine_01_hjh\scenefield.cpp(89): warning C4018: '<': signed 또는 unsigned가 일치하지 않습니다.
d:\5...operation\programming\github\hjh\minesweper\findmine_01_hjh\scenefield.cpp(93): warning C4018: '<': signed 또는 unsigned가 일치하지 않습니다.
d:\5...operation\programming\github\hjh\minesweper\findmine_01_hjh\scenefield.cpp(94): warning C4018: '<': signed 또는 unsigned가 일치하지 않습니다.
d:\5...operation\programming\github\hjh\minesweper\findmine_01_hjh\scenefield.cpp(101): warning C4018: '<': signed 또는 unsigned가 일치하지 않습니다.
d:\5...operation\programming\github\hjh\minesweper\findmine_01_hjh\scenefield.cpp(102): warning C4018: '<': signed 또는 unsigned가 일치하지 않습니다.
d:\5...operation\programming\github\hjh\minesweper\findmine_01_hjh\scenefield.cpp(130): warning C4018: '<': signed 또는 unsigned가 일치하지 않습니다.
d:\5...operation\programming\github\hjh\minesweper\findmine_01_hjh\scenefield.cpp(132): warning C4018: '<': signed 또는 unsigned가 일치하지 않습니다.
d:\5...operation\programming\github\hjh\minesweper\findmine_01_hjh\scenefield.cpp(145): warning C4018: '<': signed 또는 unsigned가 일치하지 않습니다.
d:\5...operation\programming\github\hjh\minesweper\findmine_01_hjh\scenefield.cpp(160): warning C4018: '<': signed 또는 unsigned가 일치하지 않습니다.
d:\5...operation\programming\github\hjh\minesweper\findmine_01_hjh\scenefield.cpp(164): warning C4018: '<': signed 또는 unsigned가 일치하지 않습니다.
d:\5...operation\programming\github\hjh\minesweper\findmine_01_hjh\scenefield.cpp(243): warning C4018: '<': signed 또는 unsigned가 일치하지 않습니다.
d:\5...operation\programming\github\hjh\minesweper\findmine_01_hjh\scenefield.cpp(254): warning C4018: '<': signed 또는 unsigned가 일치하지 않습니다.
d:\5...operation\programming\github\hjh\minesweper\findmine_01_hjh\scenefield.cpp(266): warning C4018: '<': signed 또는 unsigned가 일치하지 않습니다.
d:\5...operation\programming\github\hjh\minesweper\findmine_01_hjh\scenefield.cpp(276): warning C4018: '<': signed 또는 unsigned가 일치하지 않습니다.
d:\5...operation\programming\github\hjh\minesweper\findmine_01_hjh\scenefield.cpp(293): warning C4018: '<': signed 또는 unsigned가 일치하지 않습니다.
d:\5...operation\programming\github\hjh\minesweper\findmine_01_hjh\scenefield.cpp(295): warning C4018: '<': signed 또는 unsigned가 일치하지 않습니다.
d:\5...operation\programming\github\hjh\minesweper\findmine_01_hjh\scenefield.cpp(313): warning C4018: '<': signed 또는 unsigned가 일치하지 않습니다.
d:\5...operation\programming\github\hjh\minesweper\findmine_01_hjh\scenefield.cpp(315): warning C4018: '<': signed 또는 unsigned가 일치하지 않습니다.
  SceneIntro.cpp
  SceneManager.cpp
  SceneOption.cpp
  SceneSelect.cpp
  코드를 생성하고 있습니다...
  FindMine_01_HJH.vcxproj -> D:\5...Operation\Programming\Github\HJH\minesweper\x64\Debug\FindMine_01_HJH.exe
